/*C3*/SET SCHEMA PUBLIC
drop table participants if exists
drop table results if exists
create table participants (id varchar(7) not null, type varchar(10) not null, name varchar(50) not null, age integer not null, state varchar(20) not null, primary key(id))
create table results (gameID varchar(10), officialID varchar(10), athleteID varchar(10), time double, points integer)
INSERT INTO PARTICIPANTS VALUES('Oz0000','Cyclist','Cyclist0',15,'VIC')
COMMIT
INSERT INTO PARTICIPANTS VALUES('Oz0001','Runner','Runner0',16,'SA')
COMMIT
INSERT INTO PARTICIPANTS VALUES('Oz0002','Swimmer','Swimmer0',17,'QLD')
COMMIT
INSERT INTO PARTICIPANTS VALUES('Oz0003','SuperAth','SuperAth0',18,'WA')
COMMIT
INSERT INTO PARTICIPANTS VALUES('Oz0004','Official','Official0',19,'NSW')
COMMIT
INSERT INTO PARTICIPANTS VALUES('Oz0005','Cyclist','Cyclist0',20,'VIC')
COMMIT
INSERT INTO PARTICIPANTS VALUES('Oz0006','Runner','Runner0',21,'SA')
COMMIT
INSERT INTO PARTICIPANTS VALUES('Oz0007','Swimmer','Swimmer0',22,'QLD')
COMMIT
INSERT INTO PARTICIPANTS VALUES('Oz0008','SuperAth','SuperAth0',23,'WA')
COMMIT
INSERT INTO PARTICIPANTS VALUES('Oz0009','Official','Official0',24,'NSW')
COMMIT
INSERT INTO PARTICIPANTS VALUES('Oz00010','Cyclist','Cyclist0',25,'VIC')
COMMIT
INSERT INTO PARTICIPANTS VALUES('Oz00011','Runner','Runner0',26,'SA')
COMMIT
INSERT INTO PARTICIPANTS VALUES('Oz00012','Swimmer','Swimmer0',27,'QLD')
COMMIT
INSERT INTO PARTICIPANTS VALUES('Oz00013','SuperAth','SuperAth0',28,'WA')
COMMIT
INSERT INTO PARTICIPANTS VALUES('Oz00014','Official','Official0',29,'NSW')
COMMIT
INSERT INTO PARTICIPANTS VALUES('Oz00015','Cyclist','Cyclist0',30,'VIC')
COMMIT
INSERT INTO PARTICIPANTS VALUES('Oz00016','Runner','Runner0',31,'SA')
COMMIT
INSERT INTO PARTICIPANTS VALUES('Oz00017','Swimmer','Swimmer0',32,'QLD')
COMMIT
INSERT INTO PARTICIPANTS VALUES('Oz00018','SuperAth','SuperAth0',33,'WA')
COMMIT
INSERT INTO PARTICIPANTS VALUES('Oz00019','Official','Official0',34,'NSW')
COMMIT
INSERT INTO PARTICIPANTS VALUES('Oz00020','Cyclist','Cyclist0',35,'VIC')
COMMIT
INSERT INTO PARTICIPANTS VALUES('Oz00021','Runner','Runner0',36,'SA')
COMMIT
INSERT INTO PARTICIPANTS VALUES('Oz00022','Swimmer','Swimmer0',37,'QLD')
COMMIT
INSERT INTO PARTICIPANTS VALUES('Oz00023','SuperAth','SuperAth0',38,'WA')
COMMIT
INSERT INTO PARTICIPANTS VALUES('Oz00024','Official','Official0',39,'NSW')
COMMIT
INSERT INTO PARTICIPANTS VALUES('Oz00025','Cyclist','Cyclist0',40,'VIC')
COMMIT
INSERT INTO PARTICIPANTS VALUES('Oz00026','Runner','Runner0',41,'SA')
COMMIT
INSERT INTO PARTICIPANTS VALUES('Oz00027','Swimmer','Swimmer0',42,'QLD')
COMMIT
INSERT INTO PARTICIPANTS VALUES('Oz00028','SuperAth','SuperAth0',43,'WA')
COMMIT
INSERT INTO PARTICIPANTS VALUES('Oz00029','Official','Official0',44,'NSW')
COMMIT
INSERT INTO PARTICIPANTS VALUES('Oz00030','Cyclist','Cyclist0',45,'VIC')
COMMIT
INSERT INTO PARTICIPANTS VALUES('Oz00031','Runner','Runner0',46,'SA')
COMMIT
INSERT INTO PARTICIPANTS VALUES('Oz00032','Swimmer','Swimmer0',47,'QLD')
COMMIT
INSERT INTO PARTICIPANTS VALUES('Oz00033','SuperAth','SuperAth0',48,'WA')
COMMIT
INSERT INTO PARTICIPANTS VALUES('Oz00034','Official','Official0',49,'NSW')
COMMIT
INSERT INTO PARTICIPANTS VALUES('Oz00035','Cyclist','Cyclist0',50,'VIC')
COMMIT
INSERT INTO PARTICIPANTS VALUES('Oz00036','Runner','Runner0',51,'SA')
COMMIT
INSERT INTO PARTICIPANTS VALUES('Oz00037','Swimmer','Swimmer0',52,'QLD')
COMMIT
INSERT INTO PARTICIPANTS VALUES('Oz00038','SuperAth','SuperAth0',53,'WA')
COMMIT
INSERT INTO PARTICIPANTS VALUES('Oz00039','Official','Official0',54,'NSW')
COMMIT
